0 info it worked if it ends with ok
1 verbose cli [ 'C:\\Program Files\\nodejs\\node.exe',
1 verbose cli   'C:\\Program Files\\nodejs\\node_modules\\npm\\bin\\npm-cli.js',
1 verbose cli   'start' ]
2 info using npm@3.10.10
3 info using node@v6.10.3
4 verbose run-script [ 'prestart', 'start', 'poststart' ]
5 info lifecycle application-name@0.0.1~prestart: application-name@0.0.1
6 silly lifecycle application-name@0.0.1~prestart: no script for prestart, continuing
7 info lifecycle application-name@0.0.1~start: application-name@0.0.1
8 verbose lifecycle application-name@0.0.1~start: unsafe-perm in lifecycle true
9 verbose lifecycle application-name@0.0.1~start: PATH: C:\Program Files\nodejs\node_modules\npm\bin\node-gyp-bin;D:\study folder\sitf\smart toilet\sitf17-smart-toilet\gitAwsapp\awsapp\node_modules\.bin;C:\Python27\;C:\Python27\Scripts;C:\src\depot_tools;C:\ProgramData\Oracle\Java\javapath;C:\Program Files (x86)\Intel\iCLS Client\;C:\Program Files\Intel\iCLS Client\;C:\Windows\system32;C:\Windows;C:\Windows\System32\Wbem;C:\Windows\System32\WindowsPowerShell\v1.0\;C:\Program Files (x86)\NVIDIA Corporation\PhysX\Common;C:\Program Files (x86)\Intel\Intel(R) Management Engine Components\DAL;C:\Program Files\Intel\Intel(R) Management Engine Components\DAL;C:\Program Files (x86)\Intel\Intel(R) Management Engine Components\IPT;C:\Program Files\Intel\Intel(R) Management Engine Components\IPT;C:\Program Files\Git\cmd;C:\Program Files\Microsoft SQL Server\130\Tools\Binn\;C:\Program Files\dotnet\;C:\Program Files\Microsoft DNX\Dnvm\;C:\ProgramData\chocolatey\bin;D:\Android\sdk\tools;D:\Android\sdk\platform-tools;C:\Program Files\MongoDB\Server\3.4\bin;C:\Users\15015682\AppData\Local\Android\android-ndk-r14b-windows-x86_64\android-ndk-r14b;C:\Program Files (x86)\GnuWin32\bin;C:\Program Files (x86)\Skype\Phone\;C:\Program Files\nodejs\;C:\Program Files (x86)\Windows Kits\8.1\Windows Performance Toolkit\;C:\Python27;C:\Program Files (x86)\Windows Kits\10\Windows Performance Toolkit\;C:\Users\15015682\AppData\Roaming\Python\Scripts;C:\Program Files\Microsoft SQL Server\110\Tools\Binn\;C:\Program Files (x86)\Microsoft SQL Server\110\Tools\Binn\;C:\Program Files\Microsoft SQL Server\110\DTS\Binn\;C:\Program Files (x86)\Microsoft SQL Server\110\Tools\Binn\ManagementStudio\;C:\Program Files (x86)\Microsoft Visual Studio 10.0\Common7\IDE\PrivateAssemblies\;C:\Program Files (x86)\Microsoft SQL Server\110\DTS\Binn\;C:\wamp64\bin\php\php5.6.25;C:\Program Files\PuTTY\;C:\Users\15015682\AppData\Local\atom\bin;C:\Users\15015682\AppData\Roaming\npm
10 verbose lifecycle application-name@0.0.1~start: CWD: D:\study folder\sitf\smart toilet\sitf17-smart-toilet\gitAwsapp\awsapp
11 silly lifecycle application-name@0.0.1~start: Args: [ '/d /s /c', 'nodemon server.js' ]
12 silly lifecycle application-name@0.0.1~start: Returned: code: 3221225786  signal: null
13 info lifecycle application-name@0.0.1~start: Failed to exec start script
14 verbose stack Error: application-name@0.0.1 start: `nodemon server.js`
14 verbose stack Exit status 3221225786
14 verbose stack     at EventEmitter.<anonymous> (C:\Program Files\nodejs\node_modules\npm\lib\utils\lifecycle.js:255:16)
14 verbose stack     at emitTwo (events.js:106:13)
14 verbose stack     at EventEmitter.emit (events.js:191:7)
14 verbose stack     at ChildProcess.<anonymous> (C:\Program Files\nodejs\node_modules\npm\lib\utils\spawn.js:40:14)
14 verbose stack     at emitTwo (events.js:106:13)
14 verbose stack     at ChildProcess.emit (events.js:191:7)
14 verbose stack     at maybeClose (internal/child_process.js:886:16)
14 verbose stack     at Process.ChildProcess._handle.onexit (internal/child_process.js:226:5)
15 verbose pkgid application-name@0.0.1
16 verbose cwd D:\study folder\sitf\smart toilet\sitf17-smart-toilet\gitAwsapp\awsapp
17 error Windows_NT 10.0.10586
18 error argv "C:\\Program Files\\nodejs\\node.exe" "C:\\Program Files\\nodejs\\node_modules\\npm\\bin\\npm-cli.js" "start"
19 error node v6.10.3
20 error npm  v3.10.10
21 error code ELIFECYCLE
22 error application-name@0.0.1 start: `nodemon server.js`
22 error Exit status 3221225786
23 error Failed at the application-name@0.0.1 start script 'nodemon server.js'.
23 error Make sure you have the latest version of node.js and npm installed.
23 error If you do, this is most likely a problem with the application-name package,
23 error not with npm itself.
23 error Tell the author that this fails on your system:
23 error     nodemon server.js
23 error You can get information on how to open an issue for this project with:
23 error     npm bugs application-name
23 error Or if that isn't available, you can get their info via:
23 error     npm owner ls application-name
23 error There is likely additional logging output above.
24 verbose exit [ 1, true ]
